<?xml version="1.0" encoding="UTF-8"?>
<!-- Generated by org.testng.reporters.JUnitReportReporter -->
<testsuite hostname="bhavna" failures="0" tests="12" name="Api.testcases.UserTestDD" time="17.009" errors="0" timestamp="2023-09-26T10:04:02 IST" skipped="0">
  <testcase classname="Api.testcases.UserTestDD" name="testCreateUser" time="1.407"/>
  <testcase classname="Api.testcases.UserTestDD" name="testCreateUser" time="1.421"/>
  <testcase classname="Api.testcases.UserTestDD" name="testCreateUser" time="1.367"/>
  <testcase classname="Api.testcases.UserTestDD" name="testCreateUser" time="1.457"/>
  <testcase classname="Api.testcases.UserTestDD" name="testGetUserData" time="1.372"/>
  <testcase classname="Api.testcases.UserTestDD" name="testGetUserData" time="1.355"/>
  <testcase classname="Api.testcases.UserTestDD" name="testGetUserData" time="1.425"/>
  <testcase classname="Api.testcases.UserTestDD" name="testGetUserData" time="1.423"/>
  <testcase classname="Api.testcases.UserTestDD" name="testDeleteUser" time="1.345"/>
  <testcase classname="Api.testcases.UserTestDD" name="testDeleteUser" time="1.396"/>
  <testcase classname="Api.testcases.UserTestDD" name="testDeleteUser" time="1.377"/>
  <testcase classname="Api.testcases.UserTestDD" name="testDeleteUser" time="1.664"/>
</testsuite> <!-- Api.testcases.UserTestDD -->
