<?xml version="1.0" encoding="UTF-8"?>
<!-- Generated by org.testng.reporters.JUnitReportReporter -->
<testsuite hostname="bhavna" failures="0" tests="4" name="Api.testcases.UserTest" time="9.343" errors="0" timestamp="2023-09-26T10:04:02 IST" skipped="0">
  <testcase classname="Api.testcases.UserTest" name="testCreateUser" time="3.653"/>
  <testcase classname="Api.testcases.UserTest" name="testGetUserData" time="1.495"/>
  <testcase classname="Api.testcases.UserTest" name="testUpdateUser" time="2.821"/>
  <testcase classname="Api.testcases.UserTest" name="testDeletUser" time="1.374"/>
</testsuite> <!-- Api.testcases.UserTest -->
