<?xml version="1.0" encoding="UTF-8"?>
<!-- Generated by org.testng.reporters.JUnitReportReporter -->
<testsuite hostname="bhavna" failures="0" tests="12" name="Api.testcases.UserTestDD" time="28.350" errors="0" timestamp="2023-09-26T11:18:16 IST" skipped="0">
  <testcase classname="Api.testcases.UserTestDD" name="testCreateUser" time="2.458"/>
  <testcase classname="Api.testcases.UserTestDD" name="testCreateUser" time="2.252"/>
  <testcase classname="Api.testcases.UserTestDD" name="testCreateUser" time="2.148"/>
  <testcase classname="Api.testcases.UserTestDD" name="testCreateUser" time="2.236"/>
  <testcase classname="Api.testcases.UserTestDD" name="testGetUserData" time="3.031"/>
  <testcase classname="Api.testcases.UserTestDD" name="testGetUserData" time="2.661"/>
  <testcase classname="Api.testcases.UserTestDD" name="testGetUserData" time="2.662"/>
  <testcase classname="Api.testcases.UserTestDD" name="testGetUserData" time="2.354"/>
  <testcase classname="Api.testcases.UserTestDD" name="testDeleteUser" time="2.559"/>
  <testcase classname="Api.testcases.UserTestDD" name="testDeleteUser" time="1.637"/>
  <testcase classname="Api.testcases.UserTestDD" name="testDeleteUser" time="2.560"/>
  <testcase classname="Api.testcases.UserTestDD" name="testDeleteUser" time="1.792"/>
</testsuite> <!-- Api.testcases.UserTestDD -->
