<?xml version="1.0" encoding="UTF-8"?>
<!-- Generated by org.testng.reporters.JUnitReportReporter -->
<testsuite hostname="bhavna" failures="0" tests="4" name="Api.testcases.UserTest" time="13.866" errors="0" timestamp="2023-09-26T11:18:16 IST" skipped="0">
  <testcase classname="Api.testcases.UserTest" name="testCreateUser" time="3.678"/>
  <testcase classname="Api.testcases.UserTest" name="testGetUserData" time="2.519"/>
  <testcase classname="Api.testcases.UserTest" name="testUpdateUser" time="4.598"/>
  <testcase classname="Api.testcases.UserTest" name="testDeletUser" time="3.071"/>
</testsuite> <!-- Api.testcases.UserTest -->
